<?xml version="1.0" encoding="UTF-8"?>
<!-- Generated by org.testng.reporters.JUnitXMLReporter -->
<testsuite ignored="0" hostname="SK-LV183" failures="2" tests="2" name="SendMailTest" time="23.12" errors="0" timestamp="12 жовт. 2021 09:09:19 GMT">
  <testcase classname="tests.SendMailTest" name="sendLetter" time="10.544">
    <failure type="com.codeborne.selenide.ex.ElementNotFound" message="Element not found {li [name=&amp;quot;login&amp;quot;]}
Expected: enabled
Screenshot: file:/C:/Users/y.lutsyk/Desktop/TestProject/build/reports/tests/1634029748294.3.png
Page source: file:/C:/Users/y.lutsyk/Desktop/TestProject/build/reports/tests/1634029748294.3.html
Timeout: 10 s.
Caused by: NoSuchElementException: no such element: Unable to locate element: {&amp;quot;method&amp;quot;:&amp;quot;css selector&amp;quot;,&amp;quot;selector&amp;quot;:&amp;quot;li [name=&amp;quot;login&amp;quot;]&amp;quot;}">
      <![CDATA[Element not found {li [name="login"]}
Expected: enabled
Screenshot: file:/C:/Users/y.lutsyk/Desktop/TestProject/build/reports/tests/1634029748294.3.png
Page source: file:/C:/Users/y.lutsyk/Desktop/TestProject/build/reports/tests/1634029748294.3.html
Timeout: 10 s.
Caused by: NoSuchElementException: no such element: Unable to locate element: {"method":"css selector","selector":"li [name="login"]"}
at com.codeborne.selenide.impl.WebElementSource.createElementNotFoundError(WebElementSource.java:56)
at com.codeborne.selenide.impl.ElementFinder.createElementNotFoundError(ElementFinder.java:136)
at com.codeborne.selenide.impl.WebElementSource.checkCondition(WebElementSource.java:87)
at com.codeborne.selenide.commands.Should.execute(Should.java:30)
at com.codeborne.selenide.commands.Should.execute(Should.java:14)
at com.codeborne.selenide.commands.Commands.execute(Commands.java:153)
at com.codeborne.selenide.impl.SelenideElementProxy.dispatchAndRetry(SelenideElementProxy.java:124)
at com.codeborne.selenide.impl.SelenideElementProxy.invoke(SelenideElementProxy.java:76)
at com.sun.proxy.$Proxy4.shouldBe(Unknown Source)
at pages.MainPage.fillOutLogin(MainPage.java:125)
at pages.MainPage.firstLoginFlow(MainPage.java:158)
at tests.SendMailTest.sendLetter(SendMailTest.java:14)
Caused by: org.openqa.selenium.NoSuchElementException: no such element: Unable to locate element: {"method":"css selector","selector":"li [name="login"]"}
  (Session info: chrome=94.0.4606.81)
For documentation on this error, please visit: https://www.seleniumhq.org/exceptions/no_such_element.html
Build info: version: '3.141.59', revision: 'e82be7d358', time: '2018-11-14T08:17:03'
System info: host: 'SK-LV183', ip: '192.168.0.105', os.name: 'Windows 10', os.arch: 'amd64', os.version: '10.0', java.version: '15.0.2'
Driver info: org.openqa.selenium.chrome.ChromeDriver
Capabilities {acceptInsecureCerts: true, browserName: chrome, browserVersion: 94.0.4606.81, chrome: {chromedriverVersion: 94.0.4606.61 (418b78f5838ed..., userDataDir: C:\Users\Y758F~1.LUT\AppDat...}, goog:chromeOptions: {debuggerAddress: localhost:58476}, javascriptEnabled: true, networkConnectionEnabled: false, pageLoadStrategy: normal, platform: WINDOWS, platformName: WINDOWS, proxy: Proxy(), setWindowRect: true, strictFileInteractability: false, timeouts: {implicit: 0, pageLoad: 300000, script: 30000}, unhandledPromptBehavior: dismiss and notify, webauthn:extension:credBlob: true, webauthn:extension:largeBlob: true, webauthn:virtualAuthenticators: true}
Session ID: 1313c8f9becd63a4b9e897f13e3e7967
*** Element info: {Using=css selector, value=li [name="login"]}
at org.openqa.selenium.remote.http.W3CHttpResponseCodec.createException(W3CHttpResponseCodec.java:187)
at org.openqa.selenium.remote.http.W3CHttpResponseCodec.decode(W3CHttpResponseCodec.java:122)
at org.openqa.selenium.remote.http.W3CHttpResponseCodec.decode(W3CHttpResponseCodec.java:49)
at org.openqa.selenium.remote.HttpCommandExecutor.execute(HttpCommandExecutor.java:158)
at org.openqa.selenium.remote.service.DriverCommandExecutor.execute(DriverCommandExecutor.java:83)
at org.openqa.selenium.remote.RemoteWebDriver.execute(RemoteWebDriver.java:552)
at org.openqa.selenium.remote.RemoteWebDriver.findElement(RemoteWebDriver.java:323)
at org.openqa.selenium.remote.RemoteWebDriver.findElementByCssSelector(RemoteWebDriver.java:420)
at org.openqa.selenium.By$ByCssSelector.findElement(By.java:431)
at org.openqa.selenium.remote.RemoteWebDriver.findElement(RemoteWebDriver.java:315)
at com.codeborne.selenide.impl.WebElementSelector.findElement(WebElementSelector.java:65)
at com.codeborne.selenide.impl.WebElementSelector.findElement(WebElementSelector.java:40)
at com.codeborne.selenide.impl.ElementFinder.getWebElement(ElementFinder.java:104)
at com.codeborne.selenide.impl.WebElementSource.checkCondition(WebElementSource.java:72)
... 38 more
... Removed 33 stack frames]]>
    </failure>
  </testcase> <!-- sendLetter -->
  <testcase classname="tests.SendMailTest" name="checkLetter" time="10.59">
    <failure type="com.codeborne.selenide.ex.ElementNotFound" message="Element not found {li [name=&amp;quot;login&amp;quot;]}
Expected: enabled
Screenshot: file:/C:/Users/y.lutsyk/Desktop/TestProject/build/reports/tests/1634029758904.4.png
Page source: file:/C:/Users/y.lutsyk/Desktop/TestProject/build/reports/tests/1634029758904.4.html
Timeout: 10 s.
Caused by: NoSuchElementException: no such element: Unable to locate element: {&amp;quot;method&amp;quot;:&amp;quot;css selector&amp;quot;,&amp;quot;selector&amp;quot;:&amp;quot;li [name=&amp;quot;login&amp;quot;]&amp;quot;}">
      <![CDATA[Element not found {li [name="login"]}
Expected: enabled
Screenshot: file:/C:/Users/y.lutsyk/Desktop/TestProject/build/reports/tests/1634029758904.4.png
Page source: file:/C:/Users/y.lutsyk/Desktop/TestProject/build/reports/tests/1634029758904.4.html
Timeout: 10 s.
Caused by: NoSuchElementException: no such element: Unable to locate element: {"method":"css selector","selector":"li [name="login"]"}
at com.codeborne.selenide.impl.WebElementSource.createElementNotFoundError(WebElementSource.java:56)
at com.codeborne.selenide.impl.ElementFinder.createElementNotFoundError(ElementFinder.java:136)
at com.codeborne.selenide.impl.WebElementSource.checkCondition(WebElementSource.java:87)
at com.codeborne.selenide.commands.Should.execute(Should.java:30)
at com.codeborne.selenide.commands.Should.execute(Should.java:14)
at com.codeborne.selenide.commands.Commands.execute(Commands.java:153)
at com.codeborne.selenide.impl.SelenideElementProxy.dispatchAndRetry(SelenideElementProxy.java:124)
at com.codeborne.selenide.impl.SelenideElementProxy.invoke(SelenideElementProxy.java:76)
at com.sun.proxy.$Proxy4.shouldBe(Unknown Source)
at pages.MainPage.fillOutLogin(MainPage.java:125)
at tests.SendMailTest.checkLetter(SendMailTest.java:28)
Caused by: org.openqa.selenium.NoSuchElementException: no such element: Unable to locate element: {"method":"css selector","selector":"li [name="login"]"}
  (Session info: chrome=94.0.4606.81)
For documentation on this error, please visit: https://www.seleniumhq.org/exceptions/no_such_element.html
Build info: version: '3.141.59', revision: 'e82be7d358', time: '2018-11-14T08:17:03'
System info: host: 'SK-LV183', ip: '192.168.0.105', os.name: 'Windows 10', os.arch: 'amd64', os.version: '10.0', java.version: '15.0.2'
Driver info: org.openqa.selenium.chrome.ChromeDriver
Capabilities {acceptInsecureCerts: true, browserName: chrome, browserVersion: 94.0.4606.81, chrome: {chromedriverVersion: 94.0.4606.61 (418b78f5838ed..., userDataDir: C:\Users\Y758F~1.LUT\AppDat...}, goog:chromeOptions: {debuggerAddress: localhost:58476}, javascriptEnabled: true, networkConnectionEnabled: false, pageLoadStrategy: normal, platform: WINDOWS, platformName: WINDOWS, proxy: Proxy(), setWindowRect: true, strictFileInteractability: false, timeouts: {implicit: 0, pageLoad: 300000, script: 30000}, unhandledPromptBehavior: dismiss and notify, webauthn:extension:credBlob: true, webauthn:extension:largeBlob: true, webauthn:virtualAuthenticators: true}
Session ID: 1313c8f9becd63a4b9e897f13e3e7967
*** Element info: {Using=css selector, value=li [name="login"]}
at org.openqa.selenium.remote.http.W3CHttpResponseCodec.createException(W3CHttpResponseCodec.java:187)
at org.openqa.selenium.remote.http.W3CHttpResponseCodec.decode(W3CHttpResponseCodec.java:122)
at org.openqa.selenium.remote.http.W3CHttpResponseCodec.decode(W3CHttpResponseCodec.java:49)
at org.openqa.selenium.remote.HttpCommandExecutor.execute(HttpCommandExecutor.java:158)
at org.openqa.selenium.remote.service.DriverCommandExecutor.execute(DriverCommandExecutor.java:83)
at org.openqa.selenium.remote.RemoteWebDriver.execute(RemoteWebDriver.java:552)
at org.openqa.selenium.remote.RemoteWebDriver.findElement(RemoteWebDriver.java:323)
at org.openqa.selenium.remote.RemoteWebDriver.findElementByCssSelector(RemoteWebDriver.java:420)
at org.openqa.selenium.By$ByCssSelector.findElement(By.java:431)
at org.openqa.selenium.remote.RemoteWebDriver.findElement(RemoteWebDriver.java:315)
at com.codeborne.selenide.impl.WebElementSelector.findElement(WebElementSelector.java:65)
at com.codeborne.selenide.impl.WebElementSelector.findElement(WebElementSelector.java:40)
at com.codeborne.selenide.impl.ElementFinder.getWebElement(ElementFinder.java:104)
at com.codeborne.selenide.impl.WebElementSource.checkCondition(WebElementSource.java:72)
... 37 more
... Removed 33 stack frames]]>
    </failure>
  </testcase> <!-- checkLetter -->
</testsuite> <!-- SendMailTest -->
